::1 - - [13/May/2020:00:37:20 +0000] "GET /user/decrypt HTTP/1.1" 200 187 "-" "PostmanRuntime/7.24.1"
::1 - - [13/May/2020:00:44:24 +0000] "GET /user/decrypt HTTP/1.1" 200 187 "-" "PostmanRuntime/7.24.1"
::1 - - [13/May/2020:00:44:33 +0000] "GET /user/decrypt HTTP/1.1" 200 187 "-" "PostmanRuntime/7.24.1"
::1 - - [16/May/2020:16:25:02 +0000] "GET /testsms HTTP/1.1" - - "-" "PostmanRuntime/7.24.1"
::1 - - [16/May/2020:16:26:31 +0000] "GET /testsms HTTP/1.1" - - "-" "PostmanRuntime/7.24.1"
::1 - - [16/May/2020:16:28:33 +0000] "GET /testsms HTTP/1.1" - - "-" "PostmanRuntime/7.24.1"
::1 - - [18/May/2020:22:39:28 +0000] "GET /user/contact/51b20d24-09ad-4119-8534-8be2caecfdbf/2019-04-01/2022-04-01 HTTP/1.1" 401 25 "-" "PostmanRuntime/7.24.1"
::1 - - [18/May/2020:22:56:03 +0000] "OPTIONS /user HTTP/1.1" 204 0 "http://localhost:4200/validation-phone" "Mozilla/5.0 (Windows NT 10.0; Win64; x64) AppleWebKit/537.36 (KHTML, like Gecko) Chrome/81.0.4044.138 Safari/537.36"
::1 - - [18/May/2020:22:56:11 +0000] "POST /user HTTP/1.1" 201 409 "http://localhost:4200/validation-phone" "Mozilla/5.0 (Windows NT 10.0; Win64; x64) AppleWebKit/537.36 (KHTML, like Gecko) Chrome/81.0.4044.138 Safari/537.36"
::1 - - [18/May/2020:22:56:23 +0000] "OPTIONS /user/verify_code HTTP/1.1" 204 0 "http://localhost:4200/validation-phone" "Mozilla/5.0 (Windows NT 10.0; Win64; x64) AppleWebKit/537.36 (KHTML, like Gecko) Chrome/81.0.4044.138 Safari/537.36"
::1 - - [18/May/2020:22:56:23 +0000] "POST /user/verify_code HTTP/1.1" 500 51 "http://localhost:4200/validation-phone" "Mozilla/5.0 (Windows NT 10.0; Win64; x64) AppleWebKit/537.36 (KHTML, like Gecko) Chrome/81.0.4044.138 Safari/537.36"
::1 - - [18/May/2020:22:56:57 +0000] "GET /user/contact/51b20d24-09ad-4119-8534-8be2caecfdbf/2019-04-01/2022-04-01 HTTP/1.1" 200 132 "-" "PostmanRuntime/7.24.1"
::1 - - [18/May/2020:22:57:22 +0000] "GET /user/trace/51b20d24-09ad-4119-8534-8be2caecfdbf/2019-04-01/2022-04-01 HTTP/1.1" 200 3037 "-" "PostmanRuntime/7.24.1"
::1 - - [18/May/2020:23:00:42 +0000] "GET /user/trace/51b20d24-09ad-4119-8534-8be2caecfdbf/2019-04-01/2022-04-01 HTTP/1.1" 200 3037 "-" "PostmanRuntime/7.24.1"
::1 - - [18/May/2020:23:01:25 +0000] "GET /user/trace/51b20d24-09ad-4119-8534-8be2caecfdbf/2019-04-01/2022-04-01 HTTP/1.1" 200 3037 "-" "PostmanRuntime/7.24.1"
::1 - - [18/May/2020:23:01:38 +0000] "GET /user/contact/51b20d24-09ad-4119-8534-8be2caecfdbf/2019-04-01/2022-04-01 HTTP/1.1" 200 132 "-" "PostmanRuntime/7.24.1"
::1 - - [18/May/2020:23:04:27 +0000] "GET /user/contact/51b20d24-09ad-4119-8534-8be2caecfdbf/2019-04-01/2022-04-01 HTTP/1.1" 200 132 "-" "PostmanRuntime/7.24.1"
::1 - - [18/May/2020:23:13:02 +0000] "GET /user/contact/51b20d24-09ad-4119-8534-8be2caecfdbf/2019-04-01/2022-04-01 HTTP/1.1" 200 132 "-" "PostmanRuntime/7.24.1"
::1 - - [18/May/2020:23:21:28 +0000] "GET /user/trace/51b20d24-09ad-4119-8534-8be2caecfdbf/2019-04-01/2022-04-01 HTTP/1.1" 500 27 "-" "PostmanRuntime/7.24.1"
::1 - - [18/May/2020:23:30:34 +0000] "GET /user/trace/51b20d24-09ad-4119-8534-8be2caecfdbf/2019-04-01/2022-04-01 HTTP/1.1" 500 27 "-" "PostmanRuntime/7.24.1"
::1 - - [19/May/2020:01:02:39 +0000] "GET /user/contact/51b20d24-09ad-4119-8534-8be2caecfdbf/2019-04-01/2022-04-01 HTTP/1.1" 200 32 "-" "PostmanRuntime/7.24.1"
::1 - - [19/May/2020:01:03:14 +0000] "GET /user/contact/51b20d24-09ad-4119-8534-8be2caecfdbf/2019-04-01/2022-04-01 HTTP/1.1" 200 32 "-" "PostmanRuntime/7.24.1"
::1 - - [19/May/2020:01:03:25 +0000] "GET /user/contact/51b20d24-09ad-4119-8534-8be2caecfdbf/2019-04-01/2022-04-01 HTTP/1.1" 200 32 "-" "PostmanRuntime/7.24.1"
::1 - - [19/May/2020:01:04:05 +0000] "GET /user/contact/51b20d24-09ad-4119-8534-8be2caecfdbf/2019-04-01/2022-04-01 HTTP/1.1" 200 32 "-" "PostmanRuntime/7.24.1"
::1 - - [19/May/2020:01:05:05 +0000] "GET /user/contact/51b20d24-09ad-4119-8534-8be2caecfdbf/2019-04-01/2022-04-01 HTTP/1.1" 200 32 "-" "PostmanRuntime/7.24.1"
::1 - - [19/May/2020:01:05:29 +0000] "GET /user/contact/51b20d24-09ad-4119-8534-8be2caecfdbf/2019-04-01/2022-04-01/2 HTTP/1.1" 500 27 "-" "PostmanRuntime/7.24.1"
::1 - - [19/May/2020:01:06:29 +0000] "GET /user/contact/51b20d24-09ad-4119-8534-8be2caecfdbf/2019-04-01/2022-04-01/2 HTTP/1.1" 500 27 "-" "PostmanRuntime/7.24.1"
::1 - - [19/May/2020:01:07:05 +0000] "GET /user/contact/51b20d24-09ad-4119-8534-8be2caecfdbf/2019-04-01/2022-04-01/2 HTTP/1.1" 500 27 "-" "PostmanRuntime/7.24.1"
::1 - - [19/May/2020:01:16:06 +0000] "GET /user/contact/51b20d24-09ad-4119-8534-8be2caecfdbf/2019-04-01/2022-04-01/2 HTTP/1.1" 500 27 "-" "PostmanRuntime/7.24.1"
::1 - - [19/May/2020:01:36:03 +0000] "GET /user/contact/51b20d24-09ad-4119-8534-8be2caecfdbf/2019-04-01/2022-04-01/2 HTTP/1.1" 500 27 "-" "PostmanRuntime/7.24.1"
::1 - - [19/May/2020:17:06:49 +0000] "GET /user/inside/14.712481/-17.4683359 HTTP/1.1" 200 11 "-" "PostmanRuntime/7.24.1"
::1 - - [19/May/2020:17:06:58 +0000] "GET /user/inside/14.712481/-17.4683359 HTTP/1.1" 200 11 "-" "PostmanRuntime/7.24.1"
::1 - - [19/May/2020:17:07:08 +0000] "GET /user/zones HTTP/1.1" 200 32 "-" "PostmanRuntime/7.24.1"
::1 - - [20/May/2020:00:11:40 +0000] "GET /user/inside/14.712481/-17.4683359 HTTP/1.1" 200 11 "-" "PostmanRuntime/7.24.1"
::1 - - [20/May/2020:00:13:39 +0000] "GET /zones HTTP/1.1" 200 2536473 "-" "PostmanRuntime/7.24.1"
::1 - - [20/May/2020:00:33:27 +0000] "GET /user/inside/14.712481/-17.4683359 HTTP/1.1" 200 11 "-" "PostmanRuntime/7.24.1"
::1 - - [20/May/2020:00:33:42 +0000] "GET /user/inside/-17.4683359/14.712481 HTTP/1.1" 200 11 "-" "PostmanRuntime/7.24.1"
::1 - - [20/May/2020:00:53:31 +0000] "GET /user/inside/14.712481/-17.4683359 HTTP/1.1" 200 11 "-" "PostmanRuntime/7.24.1"
::1 - - [20/May/2020:01:05:14 +0000] "GET /user/inside/14.712481/-17.4683359 HTTP/1.1" 200 11 "-" "PostmanRuntime/7.24.1"
::1 - - [20/May/2020:01:05:54 +0000] "GET /user/inside/14.712481/-17.4683359 HTTP/1.1" 200 11 "-" "PostmanRuntime/7.24.1"
::1 - - [20/May/2020:01:33:31 +0000] "GET /zones HTTP/1.1" 200 2536473 "-" "PostmanRuntime/7.24.1"
::1 - - [20/May/2020:02:18:13 +0000] "GET /prevalence/runPolygone HTTP/1.1" 200 51 "-" "PostmanRuntime/7.24.1"
::1 - - [20/May/2020:02:18:38 +0000] "GET /zones HTTP/1.1" 200 2612543 "-" "PostmanRuntime/7.24.1"
::1 - - [20/May/2020:02:19:16 +0000] "GET /user/inside/14.712481/-17.4683359 HTTP/1.1" 200 21176 "-" "PostmanRuntime/7.24.1"
::1 - - [20/May/2020:02:20:59 +0000] "GET /user/inside/14.712481/-17.4683359 HTTP/1.1" 200 21176 "-" "PostmanRuntime/7.24.1"
::1 - - [20/May/2020:03:04:37 +0000] "GET /user/trace/dc0fc6c9-425d-4a23-89e1-ff238542a02e/2019-04-01/2022-04-01 HTTP/1.1" 500 27 "-" "PostmanRuntime/7.24.1"
::1 - - [20/May/2020:03:05:54 +0000] "GET /user/trace/+221776359893/2019-04-01/2022-04-01 HTTP/1.1" 500 27 "-" "PostmanRuntime/7.24.1"
::1 - - [20/May/2020:03:06:39 +0000] "GET /user/trace/+221776359893/2019-04-01/2022-04-01 HTTP/1.1" 500 27 "-" "PostmanRuntime/7.24.1"
::1 - - [20/May/2020:03:07:06 +0000] "GET /user/trace/+221776359893/2019-04-01/2022-04-01 HTTP/1.1" 500 27 "-" "PostmanRuntime/7.24.1"
::1 - - [20/May/2020:03:08:15 +0000] "GET /user/contact/+221776359893/2019-04-01/2022-04-01 HTTP/1.1" 200 32 "-" "PostmanRuntime/7.24.1"
::1 - - [20/May/2020:03:08:29 +0000] "GET /user/contact/+221776359893/2019-04-01/2022-04-01/2 HTTP/1.1" 500 27 "-" "PostmanRuntime/7.24.1"
::1 - - [20/May/2020:03:21:14 +0000] "GET /user/contact/+221776359893/2019-04-01/2022-04-01/2 HTTP/1.1" 500 27 "-" "PostmanRuntime/7.24.1"
::1 - - [20/May/2020:15:52:23 +0000] "GET /user/contact/+221776359893/2019-04-01/2022-04-01/2 HTTP/1.1" 500 27 "-" "PostmanRuntime/7.24.1"
::1 - - [20/May/2020:15:54:15 +0000] "GET /user/contact/+221776359893/2019-04-01/2022-04-01/2 HTTP/1.1" 500 27 "-" "PostmanRuntime/7.24.1"
::1 - - [20/May/2020:15:55:51 +0000] "GET /user/contact/+221776359893/2019-04-01/2022-04-01/2 HTTP/1.1" 500 27 "-" "PostmanRuntime/7.24.1"
::1 - - [21/May/2020:13:52:08 +0000] "GET /user/contact/+221776359893/2019-04-01/2022-04-01/2 HTTP/1.1" 500 27 "-" "PostmanRuntime/7.24.1"
::1 - - [21/May/2020:14:21:21 +0000] "GET /user/contact/+221776359893/2019-04-01/2022-04-01/2 HTTP/1.1" - - "-" "PostmanRuntime/7.24.1"
::1 - - [21/May/2020:14:22:22 +0000] "GET /user/contact/+221776359893/2019-04-01/2022-04-01/2 HTTP/1.1" - - "-" "PostmanRuntime/7.24.1"
::1 - - [21/May/2020:14:22:35 +0000] "GET /user/trace/all HTTP/1.1" 200 567985 "-" "PostmanRuntime/7.24.1"
::1 - - [21/May/2020:14:23:40 +0000] "GET /user/contact/+221776359893/2020-04-01/2022-04-01/2 HTTP/1.1" - - "-" "PostmanRuntime/7.24.1"
::1 - - [21/May/2020:14:23:45 +0000] "GET /user/trace/+221776359893/2020-04-01/2022-04-01/2 HTTP/1.1" 200 32 "-" "PostmanRuntime/7.24.1"
::1 - - [21/May/2020:14:23:50 +0000] "GET /user/trace/+221776359893/2020-04-01/2022-04-01 HTTP/1.1" 200 38 "-" "PostmanRuntime/7.24.1"
::1 - - [21/May/2020:14:23:59 +0000] "GET /user/trace/+221776359893/2019-04-01/2022-04-01 HTTP/1.1" 200 38 "-" "PostmanRuntime/7.24.1"
::1 - - [21/May/2020:14:24:39 +0000] "GET /user/trace/+221776359893/2019-04-01/2022-04-01 HTTP/1.1" 200 38 "-" "PostmanRuntime/7.24.1"
::1 - - [21/May/2020:14:26:27 +0000] "GET /user/trace/+221776359893/2019-04-01/2022-04-01 HTTP/1.1" 200 38 "-" "PostmanRuntime/7.24.1"
::1 - - [21/May/2020:14:28:16 +0000] "GET /user/trace/+221776359893/2019-04-01/2022-04-01 HTTP/1.1" 200 38 "-" "PostmanRuntime/7.24.1"
::1 - - [21/May/2020:14:30:24 +0000] "GET /user/trace/+221776359893/2019-04-01/2022-04-01 HTTP/1.1" 200 38 "-" "PostmanRuntime/7.24.1"
::1 - - [21/May/2020:14:30:41 +0000] "GET /user/trace/+221776359893/2019-04-01/2022-04-01 HTTP/1.1" 200 38 "-" "PostmanRuntime/7.24.1"
::1 - - [21/May/2020:14:39:27 +0000] "GET /user/contact/+221776359893/2019-04-01/2022-04-01/2 HTTP/1.1" - - "-" "PostmanRuntime/7.24.1"
::1 - - [21/May/2020:14:39:33 +0000] "GET /user/contact/51b20d24-09ad-4119-8534-8be2caecfdbf/2019-04-01/2022-04-01/2 HTTP/1.1" 200 26 "-" "PostmanRuntime/7.24.1"
::1 - - [21/May/2020:14:40:25 +0000] "GET /user/contact/51b20d24-09ad-4119-8534-8be2caecfdbf/2019-04-01/2022-04-01/2 HTTP/1.1" 200 26 "-" "PostmanRuntime/7.24.1"
::1 - - [21/May/2020:14:48:25 +0000] "GET /user/contact/51b20d24-09ad-4119-8534-8be2caecfdbf/2019-04-01/2022-04-01/2 HTTP/1.1" 200 26 "-" "PostmanRuntime/7.24.1"
::1 - - [21/May/2020:14:49:42 +0000] "GET /user/contact/51b20d24-09ad-4119-8534-8be2caecfdbf/2019-04-01/2022-04-01/2 HTTP/1.1" 200 26 "-" "PostmanRuntime/7.24.1"
::1 - - [21/May/2020:14:52:16 +0000] "GET /user/contact/51b20d24-09ad-4119-8534-8be2caecfdbf/2019-04-01/2022-04-01/2 HTTP/1.1" 200 11846 "-" "PostmanRuntime/7.24.1"
::1 - - [21/May/2020:14:54:03 +0000] "GET /user/contact/51b20d24-09ad-4119-8534-8be2caecfdbf/2019-04-01/2022-04-01/2 HTTP/1.1" 200 383 "-" "PostmanRuntime/7.24.1"
::1 - - [21/May/2020:15:01:34 +0000] "GET /user/contact/51b20d24-09ad-4119-8534-8be2caecfdbf/2019-04-01/2022-04-01/2/5 HTTP/1.1" 500 27 "-" "PostmanRuntime/7.24.1"
::1 - - [21/May/2020:15:02:08 +0000] "GET /user/contact/51b20d24-09ad-4119-8534-8be2caecfdbf/2019-04-01/2022-04-01/2/5 HTTP/1.1" 200 129 "-" "PostmanRuntime/7.24.1"
::1 - - [21/May/2020:15:02:14 +0000] "GET /user/contact/51b20d24-09ad-4119-8534-8be2caecfdbf/2019-04-01/2022-04-01/2/10 HTTP/1.1" 200 129 "-" "PostmanRuntime/7.24.1"
::1 - - [21/May/2020:15:02:21 +0000] "GET /user/contact/51b20d24-09ad-4119-8534-8be2caecfdbf/2019-04-01/2022-04-01/2/60 HTTP/1.1" 200 129 "-" "PostmanRuntime/7.24.1"
::1 - - [21/May/2020:15:02:35 +0000] "GET /user/contact/51b20d24-09ad-4119-8534-8be2caecfdbf/2019-04-01/2022-04-01/2/600 HTTP/1.1" 200 129 "-" "PostmanRuntime/7.24.1"
::1 - - [21/May/2020:15:02:39 +0000] "GET /user/contact/51b20d24-09ad-4119-8534-8be2caecfdbf/2019-04-01/2022-04-01/2/6000 HTTP/1.1" 500 27 "-" "PostmanRuntime/7.24.1"
::1 - - [21/May/2020:15:03:44 +0000] "GET /user/contact/51b20d24-09ad-4119-8534-8be2caecfdbf/2019-04-01/2022-04-01/2/600 HTTP/1.1" 200 129 "-" "PostmanRuntime/7.24.1"
::1 - - [21/May/2020:15:03:51 +0000] "GET /user/contact/51b20d24-09ad-4119-8534-8be2caecfdbf/2019-04-01/2022-04-01/2/600 HTTP/1.1" 200 129 "-" "PostmanRuntime/7.24.1"
::1 - - [21/May/2020:15:03:56 +0000] "GET /user/contact/51b20d24-09ad-4119-8534-8be2caecfdbf/2019-04-01/2022-04-01/2/800 HTTP/1.1" 200 129 "-" "PostmanRuntime/7.24.1"
::1 - - [21/May/2020:15:04:03 +0000] "GET /user/contact/51b20d24-09ad-4119-8534-8be2caecfdbf/2019-04-01/2022-04-01/2/900 HTTP/1.1" 200 129 "-" "PostmanRuntime/7.24.1"
::1 - - [21/May/2020:15:04:07 +0000] "GET /user/contact/51b20d24-09ad-4119-8534-8be2caecfdbf/2019-04-01/2022-04-01/2/9000 HTTP/1.1" 500 27 "-" "PostmanRuntime/7.24.1"
::1 - - [21/May/2020:15:05:15 +0000] "GET /user/contact/51b20d24-09ad-4119-8534-8be2caecfdbf/2019-04-01/2022-04-01/2/9 HTTP/1.1" 200 129 "-" "PostmanRuntime/7.24.1"
::1 - - [21/May/2020:15:05:20 +0000] "GET /user/contact/51b20d24-09ad-4119-8534-8be2caecfdbf/2019-04-01/2022-04-01/2/10 HTTP/1.1" 200 129 "-" "PostmanRuntime/7.24.1"
::1 - - [21/May/2020:15:05:25 +0000] "GET /user/contact/51b20d24-09ad-4119-8534-8be2caecfdbf/2019-04-01/2022-04-01/2/50 HTTP/1.1" 200 129 "-" "PostmanRuntime/7.24.1"
::1 - - [21/May/2020:15:05:31 +0000] "GET /user/contact/51b20d24-09ad-4119-8534-8be2caecfdbf/2019-04-01/2022-04-01/2/500 HTTP/1.1" 200 129 "-" "PostmanRuntime/7.24.1"
::1 - - [21/May/2020:15:05:35 +0000] "GET /user/contact/51b20d24-09ad-4119-8534-8be2caecfdbf/2019-04-01/2022-04-01/2/5000 HTTP/1.1" 200 129 "-" "PostmanRuntime/7.24.1"
::1 - - [21/May/2020:15:05:40 +0000] "GET /user/contact/51b20d24-09ad-4119-8534-8be2caecfdbf/2019-04-01/2022-04-01/2/50000 HTTP/1.1" 200 129 "-" "PostmanRuntime/7.24.1"
::1 - - [21/May/2020:15:05:44 +0000] "GET /user/contact/51b20d24-09ad-4119-8534-8be2caecfdbf/2019-04-01/2022-04-01/2/500000 HTTP/1.1" 200 129 "-" "PostmanRuntime/7.24.1"
::1 - - [21/May/2020:15:05:48 +0000] "GET /user/contact/51b20d24-09ad-4119-8534-8be2caecfdbf/2019-04-01/2022-04-01/2/5000000 HTTP/1.1" 200 129 "-" "PostmanRuntime/7.24.1"
::1 - - [21/May/2020:15:05:53 +0000] "GET /user/contact/51b20d24-09ad-4119-8534-8be2caecfdbf/2019-04-01/2022-04-01/2/500000000000 HTTP/1.1" 500 27 "-" "PostmanRuntime/7.24.1"
::1 - - [21/May/2020:15:06:00 +0000] "GET /user/contact/51b20d24-09ad-4119-8534-8be2caecfdbf/2019-04-01/2022-04-01/2/500000000 HTTP/1.1" 200 11346 "-" "PostmanRuntime/7.24.1"
::1 - - [21/May/2020:15:06:25 +0000] "GET /user/contact/51b20d24-09ad-4119-8534-8be2caecfdbf/2019-04-01/2022-04-01/2/5000000 HTTP/1.1" 200 129 "-" "PostmanRuntime/7.24.1"
::1 - - [21/May/2020:15:06:31 +0000] "GET /user/contact/51b20d24-09ad-4119-8534-8be2caecfdbf/2019-04-01/2022-04-01/2/50000000 HTTP/1.1" 200 11346 "-" "PostmanRuntime/7.24.1"
::1 - - [21/May/2020:15:06:40 +0000] "GET /user/contact/51b20d24-09ad-4119-8534-8be2caecfdbf/2019-04-01/2022-04-01/3/50000000 HTTP/1.1" 200 12447 "-" "PostmanRuntime/7.24.1"
::1 - - [21/May/2020:15:40:25 +0000] "GET /user/contact/51b20d24-09ad-4119-8534-8be2caecfdbf/2019-04-01/2022-04-01/2/50000000 HTTP/1.1" 200 11346 "-" "PostmanRuntime/7.24.1"
::1 - - [21/May/2020:18:48:46 +0000] "GET /user/contact/51b20d24-09ad-4119-8534-8be2caecfdbf/2019-04-01/2022-04-01/2/5 HTTP/1.1" 500 27 "-" "PostmanRuntime/7.24.1"
